<?xml version="1.0" encoding="UTF-8"?>
<testng-results ignored="0" total="1" passed="1" failed="0" skipped="0">
  <reporter-output>
  </reporter-output>
  <suite started-at="2026-02-19T16:25:12 IST" name="Grid Suite" finished-at="2026-02-19T16:25:22 IST" duration-ms="10303">
    <groups>
    </groups>
    <test started-at="2026-02-19T16:25:12 IST" name="Chrome_Test" finished-at="2026-02-19T16:25:22 IST" duration-ms="10303">
      <class name="demo.GridLoginTest">
        <test-method is-config="true" signature="setUp(java.lang.String,java.lang.String)[pri:0, instance:demo.GridLoginTest@2a798d51]" started-at="2026-02-19T16:25:12 IST" name="setUp" finished-at="2026-02-19T16:25:19 IST" duration-ms="7518" status="PASS">
          <params>
            <param index="0">
              <value>
                <![CDATA[chrome]]>
              </value>
            </param>
            <param index="1">
              <value>
                <![CDATA[http://localhost:4444]]>
              </value>
            </param>
          </params>
          <reporter-output>
          </reporter-output>
        </test-method> <!-- setUp -->
        <test-method signature="openHomePageAndVerifyTitle()[pri:0, instance:demo.GridLoginTest@2a798d51]" started-at="2026-02-19T16:25:19 IST" name="openHomePageAndVerifyTitle" finished-at="2026-02-19T16:25:22 IST" duration-ms="2446" status="PASS">
          <reporter-output>
          </reporter-output>
        </test-method> <!-- openHomePageAndVerifyTitle -->
        <test-method is-config="true" signature="tearDown()[pri:0, instance:demo.GridLoginTest@2a798d51]" started-at="2026-02-19T16:25:22 IST" name="tearDown" finished-at="2026-02-19T16:25:22 IST" duration-ms="288" status="PASS">
          <reporter-output>
          </reporter-output>
        </test-method> <!-- tearDown -->
      </class> <!-- demo.GridLoginTest -->
    </test> <!-- Chrome_Test -->
  </suite> <!-- Grid Suite -->
</testng-results>
